[0m09:50:47.172513 [debug] [MainThread]: Sending event: {'category': 'dbt', 'action': 'invocation', 'label': 'start', 'context': [<snowplow_tracker.self_describing_json.SelfDescribingJson object at 0x7ee05169e8a0>, <snowplow_tracker.self_describing_json.SelfDescribingJson object at 0x7ee05064b5c0>, <snowplow_tracker.self_describing_json.SelfDescribingJson object at 0x7ee05064b7d0>]}


============================== 09:50:47.176129 | d49ab89e-23cf-4a31-aebd-1553f2e42a72 ==============================
[0m09:50:47.176129 [info ] [MainThread]: Running with dbt=1.8.7
[0m09:50:47.177265 [debug] [MainThread]: running dbt with arguments {'printer_width': '80', 'indirect_selection': 'eager', 'log_cache_events': 'False', 'write_json': 'True', 'partial_parse': 'True', 'cache_selected_only': 'False', 'profiles_dir': '/home/adapa/.dbt', 'version_check': 'True', 'debug': 'False', 'log_path': 'logs', 'fail_fast': 'False', 'warn_error': 'None', 'use_colors': 'True', 'use_experimental_parser': 'False', 'no_print': 'None', 'quiet': 'False', 'empty': 'None', 'log_format': 'default', 'invocation_command': 'dbt init retail_dw', 'warn_error_options': 'WarnErrorOptions(include=[], exclude=[])', 'introspect': 'True', 'target_path': 'None', 'static_parser': 'True', 'send_anonymous_usage_stats': 'True'}
[0m09:50:47.184165 [warn ] [MainThread]: [ConfigFolderDirectory]: Unable to parse logging event dictionary. Failed to parse dir field: expected string or bytes-like object, got 'PosixPath'.. Dictionary: {'dir': PosixPath('/home/adapa/.dbt')}
[0m09:50:47.185431 [info ] [MainThread]: Creating dbt configuration folder at 
[0m09:50:47.187536 [debug] [MainThread]: Starter project path: /home/adapa/airflow_venv/lib/python3.12/site-packages/dbt/include/starter_project
[0m09:50:47.293596 [info ] [MainThread]: 
Your new dbt project "retail_dw" was created!

For more information on how to configure the profiles.yml file,
please consult the dbt documentation here:

  https://docs.getdbt.com/docs/configure-your-profile

One more thing:

Need help? Don't hesitate to reach out to us via GitHub issues or on Slack:

  https://community.getdbt.com/

Happy modeling!

[0m09:50:47.295018 [info ] [MainThread]: Setting up your profile.
[0m09:53:57.678582 [info ] [MainThread]: Profile retail_dw written to /home/adapa/.dbt/profiles.yml using target's profile_template.yml and your supplied values. Run 'dbt debug' to validate the connection.
[0m09:53:57.681119 [debug] [MainThread]: Resource report: {"command_name": "init", "command_success": true, "command_wall_clock_time": 186.47537, "process_user_time": 1.055389, "process_kernel_time": 0.123338, "process_mem_max_rss": "94832", "process_in_blocks": "8", "process_out_blocks": "8"}
[0m09:53:57.682474 [debug] [MainThread]: Command `dbt init` succeeded at 09:53:57.682352 after 186.48 seconds
[0m09:53:57.683577 [debug] [MainThread]: Sending event: {'category': 'dbt', 'action': 'invocation', 'label': 'end', 'context': [<snowplow_tracker.self_describing_json.SelfDescribingJson object at 0x7ee0506aaae0>, <snowplow_tracker.self_describing_json.SelfDescribingJson object at 0x7ee050484950>, <snowplow_tracker.self_describing_json.SelfDescribingJson object at 0x7ee050dffa70>]}
[0m09:53:57.684482 [debug] [MainThread]: Flushing usage events
[0m17:13:31.399823 [debug] [MainThread]: Sending event: {'category': 'dbt', 'action': 'invocation', 'label': 'start', 'context': [<snowplow_tracker.self_describing_json.SelfDescribingJson object at 0x74eafa5c5b20>, <snowplow_tracker.self_describing_json.SelfDescribingJson object at 0x74eafa5c5dc0>, <snowplow_tracker.self_describing_json.SelfDescribingJson object at 0x74eaf9ee6990>]}


============================== 17:13:31.404096 | b7ab04a8-df89-4d34-ace9-6e67670c09b9 ==============================
[0m17:13:31.404096 [info ] [MainThread]: Running with dbt=1.8.7
[0m17:13:31.405198 [debug] [MainThread]: running dbt with arguments {'printer_width': '80', 'indirect_selection': 'eager', 'log_cache_events': 'False', 'write_json': 'True', 'partial_parse': 'True', 'cache_selected_only': 'False', 'warn_error': 'None', 'fail_fast': 'False', 'debug': 'False', 'log_path': 'logs', 'profiles_dir': '/home/adapa/.dbt', 'version_check': 'True', 'use_colors': 'True', 'use_experimental_parser': 'False', 'no_print': 'None', 'quiet': 'False', 'empty': 'False', 'log_format': 'default', 'static_parser': 'True', 'introspect': 'True', 'invocation_command': 'dbt run', 'target_path': 'None', 'warn_error_options': 'WarnErrorOptions(include=[], exclude=[])', 'send_anonymous_usage_stats': 'True'}
[0m17:13:31.406340 [error] [MainThread]: Encountered an error:
Runtime Error
  No dbt_project.yml found at expected path /mnt/c/Users/adapa/OneDrive/Documents/Data-Warehouse/dbt_project.yml
  Verify that each entry within packages.yml (and their transitive dependencies) contains a file named dbt_project.yml
  
[0m17:13:31.408545 [debug] [MainThread]: Resource report: {"command_name": "run", "command_wall_clock_time": 0.058814313, "process_user_time": 1.074317, "process_kernel_time": 0.129241, "process_mem_max_rss": "89112", "process_in_blocks": "59464", "command_success": false, "process_out_blocks": "0"}
[0m17:13:31.409575 [debug] [MainThread]: Command `dbt run` failed at 17:13:31.409429 after 0.06 seconds
[0m17:13:31.410200 [debug] [MainThread]: Sending event: {'category': 'dbt', 'action': 'invocation', 'label': 'end', 'context': [<snowplow_tracker.self_describing_json.SelfDescribingJson object at 0x74eafa5c5b20>, <snowplow_tracker.self_describing_json.SelfDescribingJson object at 0x74eafa5c5dc0>, <snowplow_tracker.self_describing_json.SelfDescribingJson object at 0x74eaf9e2a270>]}
[0m17:13:31.410880 [debug] [MainThread]: Flushing usage events
